#
# There is insufficient memory for the Java Runtime Environment to continue.
# Native memory allocation (malloc) failed to allocate 1048576 bytes for AllocateHeap
# Possible reasons:
#   The system is out of physical RAM or swap space
#   In 32 bit mode, the process size limit was hit
# Possible solutions:
#   Reduce memory load on the system
#   Increase physical memory or swap space
#   Check if swap backing store is full
#   Use 64 bit Java on a 64 bit OS
#   Decrease Java heap size (-Xmx/-Xms)
#   Decrease number of Java threads
#   Decrease Java thread stack sizes (-Xss)
#   Set larger code cache with -XX:ReservedCodeCacheSize=
# This output file may be truncated or incomplete.
#
#  Out of Memory Error (memory/allocation.inline.hpp:61), pid=4884, tid=0x0000000000002390
#
# JRE version:  (8.0_152-b02) (build )
# Java VM: OpenJDK 64-Bit Server VM (25.152-b02 mixed mode windows-amd64 compressed oops)
# Failed to write core dump. Minidumps are not enabled by default on client versions of Windows
#

---------------  T H R E A D  ---------------

Current thread (0x0000000000e2e000):  JavaThread "Unknown thread" [_thread_in_vm, id=9104, stack(0x0000000002570000,0x0000000002670000)]

Stack: [0x0000000002570000,0x0000000002670000]
[error occurred during error reporting (printing stack bounds), id 0xc0000005]

Native frames: (J=compiled Java code, j=interpreted, Vv=VM code, C=native code)


---------------  P R O C E S S  ---------------

Java Threads: ( => current thread )

Other Threads:

=>0x0000000000e2e000 (exited) JavaThread "Unknown thread" [_thread_in_vm, id=9104, stack(0x0000000002570000,0x0000000002670000)]

VM state:not at safepoint (normal execution)

VM Mutex/Monitor currently owned by a thread: None

Heap:
 PSYoungGen      total 18944K, used 327K [0x00000000eb400000, 0x00000000ec900000, 0x0000000100000000)
  eden space 16384K, 2% used [0x00000000eb400000,0x00000000eb451ec8,0x00000000ec400000)
  from space 2560K, 0% used [0x00000000ec680000,0x00000000ec680000,0x00000000ec900000)
  to   space 2560K, 0% used [0x00000000ec400000,0x00000000ec400000,0x00000000ec680000)
 ParOldGen       total 44032K, used 0K [0x00000000c1c00000, 0x00000000c4700000, 0x00000000eb400000)
  object space 44032K, 0% used [0x00000000c1c00000,0x00000000c1c00000,0x00000000c4700000)
 Metaspace       used 783K, capacity 1156K, committed 1408K, reserved 1060864K
  class space    used 73K, capacity 384K, committed 384K, reserved 1048576K

Card table byte_map: [0x0000000011b30000,0x0000000011d30000] byte_map_base: 0x0000000011522000

Marking Bits: (ParMarkBitMap*) 0x000000005b944970
 Begin Bits: [0x0000000012280000, 0x0000000013210000)
 End Bits:   [0x0000000013210000, 0x00000000141a0000)

Polling page: 0x0000000000d80000

CodeCache: size=245760Kb used=328Kb max_used=328Kb free=245431Kb
 bounds [0x0000000002770000, 0x00000000029e0000, 0x0000000011770000]
 total_blobs=57 nmethods=0 adapters=38
 compilation: enabled

Compilation events (0 events):
No events

GC Heap History (0 events):
No events

Deoptimization events (0 events):
No events

Classes redefined (0 events):
No events

Internal exceptions (0 events):
No events

Events (10 events):
Event: 0.022 loading class java/lang/Short
Event: 0.022 loading class java/lang/Short done
Event: 0.022 loading class java/lang/Integer
Event: 0.022 loading class java/lang/Integer done
Event: 0.022 loading class java/lang/Long
Event: 0.022 loading class java/lang/Long done
Event: 0.023 loading class java/lang/NullPointerException
Event: 0.023 loading class java/lang/NullPointerException done
Event: 0.023 loading class java/lang/ArithmeticException
Event: 0.023 loading class java/lang/ArithmeticException done


Dynamic libraries:
0x00007ff7f31c0000 - 0x00007ff7f31f1000 	C:\Program Files\Android\Android Studio\jre\bin\java.EXE
0x00007ffb31650000 - 0x00007ffb31812000 	C:\Windows\SYSTEM32\ntdll.dll
0x00007ffb2f200000 - 0x00007ffb2f2ad000 	C:\Windows\system32\KERNEL32.DLL
0x00007ffb05680000 - 0x00007ffb056b4000 	C:\Program Files\AVAST Software\Avast\x64\aswhooka.dll
0x00007ffb2e3b0000 - 0x00007ffb2e58d000 	C:\Windows\system32\KERNELBASE.dll
0x00007ffb2fa10000 - 0x00007ffb2fab6000 	C:\Windows\system32\ADVAPI32.dll
0x00007ffb2f970000 - 0x00007ffb2fa0d000 	C:\Windows\system32\msvcrt.dll
0x00007ffb2f2b0000 - 0x00007ffb2f30b000 	C:\Windows\system32\sechost.dll
0x00007ffb314f0000 - 0x00007ffb31616000 	C:\Windows\system32\RPCRT4.dll
0x00007ffb2fe60000 - 0x00007ffb2ffae000 	C:\Windows\system32\USER32.dll
0x00007ffb2fcd0000 - 0x00007ffb2fe53000 	C:\Windows\system32\GDI32.dll
0x00007ffb23320000 - 0x00007ffb23594000 	C:\Windows\WinSxS\amd64_microsoft.windows.common-controls_6595b64144ccf1df_6.0.10240.17184_none_f41d7a705752bce6\COMCTL32.dll
0x00007ffb2f930000 - 0x00007ffb2f966000 	C:\Windows\system32\IMM32.DLL
0x00007ffb2f7b0000 - 0x00007ffb2f90c000 	C:\Windows\system32\MSCTF.dll
0x000000005b9c0000 - 0x000000005ba92000 	C:\Program Files\Android\Android Studio\jre\jre\bin\msvcr100.dll
0x000000005b180000 - 0x000000005b9bf000 	C:\Program Files\Android\Android Studio\jre\jre\bin\server\jvm.dll
0x00007ffb2fcc0000 - 0x00007ffb2fcc8000 	C:\Windows\system32\PSAPI.DLL
0x00007ffb1ca00000 - 0x00007ffb1ca09000 	C:\Windows\SYSTEM32\WSOCK32.dll
0x00007ffb2fac0000 - 0x00007ffb2fb29000 	C:\Windows\system32\WS2_32.dll
0x00007ffb314e0000 - 0x00007ffb314e8000 	C:\Windows\system32\NSI.dll
0x00007ffb2c1a0000 - 0x00007ffb2c1c3000 	C:\Windows\SYSTEM32\WINMM.dll
0x00007ffb23d20000 - 0x00007ffb23d2a000 	C:\Windows\SYSTEM32\VERSION.dll
0x00007ffb2c170000 - 0x00007ffb2c19c000 	C:\Windows\SYSTEM32\WINMMBASE.dll
0x00007ffb2e0e0000 - 0x00007ffb2e124000 	C:\Windows\system32\cfgmgr32.dll
0x00007ffb2c9c0000 - 0x00007ffb2c9e7000 	C:\Windows\SYSTEM32\DEVOBJ.dll
0x00007ffb1c930000 - 0x00007ffb1c93f000 	C:\Program Files\Android\Android Studio\jre\jre\bin\verify.dll
0x00007ffb0d6b0000 - 0x00007ffb0d6d9000 	C:\Program Files\Android\Android Studio\jre\jre\bin\java.dll
0x00007ffb19a90000 - 0x00007ffb19aa6000 	C:\Program Files\Android\Android Studio\jre\jre\bin\zip.dll

VM Arguments:
java_command: <unknown>
java_class_path (initial): .
Launcher Type: SUN_STANDARD

Environment Variables:
PATH=E:\fllutter\flutter\bin;C:\Program Files (x86)\Common Files\Oracle\Java\javapath;C:\Windows\system32;C:\Windows;C:\Windows\System32\Wbem;C:\Windows\System32\WindowsPowerShell\v1.0\;C:\Program Files\Java\jdk1.8.0_171\bin;C:\Program Files\Git\cmd;C:\Program Files\Git\bin\git.exe;C:\Program Files\Git\cmd;E:\fllutter\flutter\bin;C:\Program Files\Java\jdk1.8.0_171;C:\Users\Hija\Downloads\gradle-4.10.2\bin;C:\Program Files (x86)\Nox\bin;C:\Users\Hija\AppData\Local\Programs\Microsoft VS Code\bin;C:\Program Files\Git\bin\git.exe;C:\Program Files\Git\cmd;E:\fllutter\flutter\bin;C:\Program Files\Java\jdk1.8.0_171;C:\Program Files (x86)\Nox\bin;C:\Program Files\Java\jdk1.8.0_171;E:\fllutter\flutter\bin\mingit\cmd
USERNAME=Hija
OS=Windows_NT
PROCESSOR_IDENTIFIER=Intel64 Family 6 Model 58 Stepping 9, GenuineIntel



---------------  S Y S T E M  ---------------

OS: Windows 10.0 , 64 bit Build 10240 (10.0.10240.17113)

CPU:total 4 (initial active 4) (2 cores per cpu, 2 threads per core) family 6 model 58 stepping 9, cmov, cx8, fxsr, mmx, sse, sse2, sse3, ssse3, sse4.1, sse4.2, popcnt, avx, aes, clmul, erms, ht, tsc, tscinvbit, tscinv

Memory: 4k page, physical 4071996k(927484k free), swap 4156604k(6248k free)

vm_info: OpenJDK 64-Bit Server VM (25.152-b02) for windows-amd64 JRE (1.8.0_152-release-1024-b02), built by "builder" with MS VC++ 10.0 (VS2010)

time: Thu Oct 04 23:10:39 2018
elapsed time: 0 seconds (0d 0h 0m 0s)

